<?xml version="1.0" encoding="UTF-8"?>
<testng-results skipped="0" failed="0" total="0" passed="0">
  <reporter-output>
  </reporter-output>
  <suite name="Default suite" duration-ms="7" started-at="2016-02-18T08:29:24Z" finished-at="2016-02-18T08:29:24Z">
    <groups>
    </groups>
    <test name="Default test" duration-ms="7" started-at="2016-02-18T08:29:24Z" finished-at="2016-02-18T08:29:24Z">
      <class name="com.test.LoginPageTest">
        <test-method status="PASS" signature="setUp()[pri:0, instance:com.test.LoginPageTest@3d3fcdb0]" name="setUp" is-config="true" duration-ms="23244" started-at="2016-02-18T00:29:01Z" finished-at="2016-02-18T00:29:24Z">
          <reporter-output>
          </reporter-output>
        </test-method> <!-- setUp -->
      </class> <!-- com.test.LoginPageTest -->
    </test> <!-- Default test -->
  </suite> <!-- Default suite -->
</testng-results>
