<?xml version="1.0" encoding="UTF-8"?>
<!-- Generated by org.testng.reporters.JUnitXMLReporter -->
<testsuite hostname="welcome" name="FunctionTest" tests="4" failures="0" timestamp="18 Feb 2016 06:24:43 GMT" time="1.525" errors="0">
  <testcase name="@BeforeClass initialize" time="0.0" classname="com.test.LoginPageTest">
    <failure type="java.lang.NullPointerException">
      <![CDATA[java.lang.NullPointerException
	at com.page.HomePage.clickLogin(HomePage.java:38)
	at com.test.LoginPageTest.initialize(LoginPageTest.java:21)
... Removed 24 stack frames]]>
    </failure>
  </testcase> <!-- @BeforeClass initialize -->
  <testcase name="testLoginClick" time="1.464" classname="com.test.HomePageTest"/>
  <testcase name="testcountsocialIcons" time="0.033" classname="com.test.HomePageTest"/>
  <testcase name="testInvalidLogin" time="0.001" classname="com.test.LoginPageTest">
    <skipped/>
  </testcase> <!-- testInvalidLogin -->
  <testcase name="testInvalidLogin" time="0.001" classname="com.test.LoginPageTest">
    <skipped/>
  </testcase> <!-- testInvalidLogin -->
</testsuite> <!-- FunctionTest -->
