<?xml version="1.0" encoding="UTF-8"?>
<!-- Generated by org.testng.reporters.JUnitXMLReporter -->
<testsuite hostname="welcome" name="functest" tests="3" failures="0" timestamp="22 Feb 2016 07:57:28 GMT" time="11.414" errors="0">
  <testcase name="@BeforeClass initialize" time="0.0" classname="Test.pages.LoginPageTest">
    <failure type="java.lang.NullPointerException">
      <![CDATA[java.lang.NullPointerException
	at com.pages.LoginPage.<init>(LoginPage.java:12)
	at Test.pages.LoginPageTest.initialize(LoginPageTest.java:17)
... Removed 24 stack frames]]>
    </failure>
  </testcase> <!-- @BeforeClass initialize -->
  <testcase name="countSocialIcons" time="0.151" classname="Test.pages.HomePageTest"/>
  <testcase name="testloginClick" time="1.317" classname="Test.pages.HomePageTest"/>
  <testcase name="performLogin" time="0.0" classname="Test.pages.LoginPageTest">
    <skipped/>
  </testcase> <!-- performLogin -->
</testsuite> <!-- functest -->
